<?xml version="1.0" encoding="UTF-8"?>
<!-- Generated by org.testng.reporters.JUnitReportReporter -->
<testsuite hostname="DESKTOP-2L70A79" failures="0" tests="3" name="testng.DataProviderPracticeTest" time="25.208" errors="0" timestamp="2024-03-01T15:32:55 IST" skipped="0">
  <testcase classname="testng.DataProviderPracticeTest" name="loginTest" time="7.936"/>
  <system-out/>
  <testcase classname="testng.DataProviderPracticeTest" name="loginTest" time="7.659"/>
  <system-out/>
  <testcase classname="testng.DataProviderPracticeTest" name="loginTest" time="9.613"/>
  <system-out/>
</testsuite> <!-- testng.DataProviderPracticeTest -->
