<?xml version="1.0" encoding="UTF-8"?>
<!-- Generated by org.testng.reporters.JUnitReportReporter -->
<testsuite hostname="DESKTOP-2L70A79" failures="0" tests="6" name="testng.InvocationCountTest" time="0.006" errors="0" timestamp="2024-03-01T16:05:03 IST" skipped="0">
  <testcase classname="testng.InvocationCountTest" name="demo2" time="0.000"/>
  <system-out>
    <![CDATA[demo2]]>
  </system-out>
  <testcase classname="testng.InvocationCountTest" name="demo2" time="0.001"/>
  <system-out>
    <![CDATA[demo2]]>
  </system-out>
  <testcase classname="testng.InvocationCountTest" name="demo3" time="0.003"/>
  <system-out>
    <![CDATA[demo3]]>
  </system-out>
  <testcase classname="testng.InvocationCountTest" name="demo2" time="0.001"/>
  <system-out>
    <![CDATA[demo2]]>
  </system-out>
  <testcase classname="testng.InvocationCountTest" name="demo5" time="0.001"/>
  <system-out>
    <![CDATA[demo5]]>
  </system-out>
  <testcase classname="testng.InvocationCountTest" name="demo5" time="0.000"/>
  <system-out>
    <![CDATA[demo5]]>
  </system-out>
</testsuite> <!-- testng.InvocationCountTest -->
