<?xml version="1.0" encoding="UTF-8"?>
<!-- Generated by org.testng.reporters.JUnitReportReporter -->
<testsuite hostname="DESKTOP-2L70A79" failures="0" tests="2" name="testng.DisableTests" time="0.002" errors="0" timestamp="2024-03-01T16:05:03 IST" skipped="1">
  <testcase classname="testng.DisableTests" name="demo3" time="0.002"/>
  <system-out>
    <![CDATA[demo3]]>
  </system-out>
  <testcase classname="testng.DisableTests" name="demo1">
    <skipped/>
  </testcase> <!-- demo1 -->
  <system-out/>
</testsuite> <!-- testng.DisableTests -->
