<?xml version="1.0" encoding="UTF-8"?>
<!-- Generated by org.testng.reporters.JUnitReportReporter -->
<testsuite hostname="DESKTOP-2L70A79" failures="0" tests="1" name="groupExecution.TestClass4" time="0.000" errors="0" timestamp="2024-02-26T16:05:01 IST" skipped="0">
  <testcase classname="groupExecution.TestClass4" name="test2" time="0.000"/>
  <system-out>
    <![CDATA[TestClass4 - test2 - Smoke, Regression and Sanity]]>
  </system-out>
</testsuite> <!-- groupExecution.TestClass4 -->
