<?xml version="1.0" encoding="UTF-8"?>
<!-- Generated by org.testng.reporters.JUnitReportReporter -->
<testsuite hostname="DESKTOP-2L70A79" failures="0" tests="3" name="groupExecution.TestClass2" time="0.004" errors="0" timestamp="2024-02-26T16:05:01 IST" skipped="0">
  <testcase classname="groupExecution.TestClass2" name="test3" time="0.001"/>
  <system-out>
    <![CDATA[TestClass2 - test3 - Regression and Smoke]]>
  </system-out>
  <testcase classname="groupExecution.TestClass2" name="test2" time="0.000"/>
  <system-out>
    <![CDATA[TestClass2 - test2 - Regression]]>
  </system-out>
  <testcase classname="groupExecution.TestClass2" name="test1" time="0.003"/>
  <system-out>
    <![CDATA[TestClass2 - test1 - Smoke]]>
  </system-out>
</testsuite> <!-- groupExecution.TestClass2 -->
