<?xml version="1.0" encoding="UTF-8"?>
<!-- Generated by org.testng.reporters.JUnitReportReporter -->
<testsuite hostname="DESKTOP-2L70A79" failures="0" tests="3" name="groupExecution.TestClass3" time="0.002" errors="0" timestamp="2024-02-26T16:05:01 IST" skipped="0">
  <testcase classname="groupExecution.TestClass3" name="test1" time="0.001"/>
  <system-out>
    <![CDATA[TestClass3 - test1 - Sanity]]>
  </system-out>
  <testcase classname="groupExecution.TestClass3" name="test2" time="0.000"/>
  <system-out>
    <![CDATA[TestClass3 - test2 - Regression]]>
  </system-out>
  <testcase classname="groupExecution.TestClass3" name="test3" time="0.001"/>
  <system-out>
    <![CDATA[TestClass3 - test3 - Regression and Sanity]]>
  </system-out>
</testsuite> <!-- groupExecution.TestClass3 -->
