<?xml version="1.0" encoding="UTF-8"?>
<!-- Generated by org.testng.reporters.JUnitReportReporter -->
<testsuite hostname="DESKTOP-2L70A79" failures="0" tests="1" name="listenerPractice.TestClass" time="0.003" errors="0" timestamp="2024-03-02T15:11:17 IST" skipped="0">
  <testcase classname="listenerPractice.TestClass" name="testScript" time="0.003"/>
  <system-out>
    <![CDATA[@Test 0]]>
  </system-out>
</testsuite> <!-- listenerPractice.TestClass -->
