<?xml version="1.0" encoding="UTF-8"?>
<!-- Generated by org.testng.reporters.JUnitReportReporter -->
<testsuite hostname="DESKTOP-2L70A79" failures="0" tests="1" name="assertions.WhyNotIfElse" time="0.011" errors="0" timestamp="2024-02-28T15:12:17 IST" skipped="0">
  <testcase classname="assertions.WhyNotIfElse" name="demo" time="0.011"/>
  <system-out/>
</testsuite> <!-- assertions.WhyNotIfElse -->
