<?xml version="1.0" encoding="UTF-8"?>
<!-- Generated by org.testng.reporters.JUnitReportReporter -->
<testsuite hostname="DESKTOP-2L70A79" failures="0" tests="2" name="testng.DependsOnMethodsTest" time="7.053" errors="0" timestamp="2024-03-01T16:05:03 IST" skipped="0">
  <testcase classname="testng.DependsOnMethodsTest" name="navigateToLoginPage" time="4.221"/>
  <system-out/>
  <testcase classname="testng.DependsOnMethodsTest" name="loginToApp" time="2.832"/>
  <system-out/>
</testsuite> <!-- testng.DependsOnMethodsTest -->
