<?xml version="1.0" encoding="UTF-8"?>
<!-- Generated by org.testng.reporters.JUnitReportReporter -->
<testsuite hostname="DESKTOP-2L70A79" failures="0" tests="1" name="annotations.TestClass1" time="0.003" errors="0" timestamp="2024-02-24T16:12:34 IST" skipped="0">
  <testcase classname="annotations.TestClass1" name="test1" time="0.003"/>
  <system-out>
    <![CDATA[Test1]]>
  </system-out>
</testsuite> <!-- annotations.TestClass1 -->
