<?xml version="1.0" encoding="UTF-8"?>
<!-- Generated by org.testng.reporters.JUnitReportReporter -->
<testsuite hostname="DESKTOP-2L70A79" failures="0" tests="3" name="crossBrowserParallelExecution.GoogleTest" time="5.581" errors="0" timestamp="2024-02-27T15:51:21 IST" skipped="0">
  <testcase classname="crossBrowserParallelExecution.GoogleTest" name="googleTest" time="1.174"/>
  <system-out/>
  <testcase classname="crossBrowserParallelExecution.GoogleTest" name="googleTest" time="3.099"/>
  <system-out/>
  <testcase classname="crossBrowserParallelExecution.GoogleTest" name="googleTest" time="1.308"/>
  <system-out/>
</testsuite> <!-- crossBrowserParallelExecution.GoogleTest -->
