<?xml version="1.0" encoding="UTF-8"?>
<!-- Generated by org.testng.reporters.JUnitReportReporter -->
<testsuite hostname="DESKTOP-2L70A79" failures="0" tests="2" name="distributedParallelExecution.TestClass5" time="0.009" errors="0" timestamp="2024-02-26T16:42:49 IST" skipped="0">
  <testcase classname="distributedParallelExecution.TestClass5" name="demo2" time="0.002"/>
  <system-out/>
  <testcase classname="distributedParallelExecution.TestClass5" name="demo1" time="0.007"/>
  <system-out/>
</testsuite> <!-- distributedParallelExecution.TestClass5 -->
