<?xml version="1.0" encoding="UTF-8"?>
<!-- Generated by org.testng.reporters.JUnitReportReporter -->
<testsuite hostname="DESKTOP-2L70A79" failures="0" tests="1" name="listenerPractice.TestClass2" time="0.007" errors="0" timestamp="2024-03-02T15:11:17 IST" skipped="0">
  <testcase classname="listenerPractice.TestClass2" name="testScript" time="0.007"/>
  <system-out>
    <![CDATA[@Test 2]]>
  </system-out>
</testsuite> <!-- listenerPractice.TestClass2 -->
